<?xml version="1.0" encoding="UTF-8"?>
<testng-results ignored="0" total="2" passed="2" failed="0" skipped="0">
  <reporter-output>
  </reporter-output>
  <suite started-at="2023-05-20T09:08:11 BDT" name="Suite" finished-at="2023-05-20T09:08:14 BDT" duration-ms="3395">
    <groups>
      <group name="cucumber">
        <method signature="AbstractTestNGCucumberTests.runScenario(io.cucumber.testng.PickleWrapper, io.cucumber.testng.FeatureWrapper)[pri:0, instance:runner.CucumberRunnerForAPI$CucumberRunnerTest@387a8303]" name="runScenario" class="io.cucumber.testng.AbstractTestNGCucumberTests"/>
      </group> <!-- cucumber -->
    </groups>
    <test started-at="2023-05-20T09:08:11 BDT" name="API" finished-at="2023-05-20T09:08:14 BDT" duration-ms="3395">
      <class name="runner.CucumberRunnerForAPI$CucumberRunnerTest">
        <test-method is-config="true" signature="setUpClass()[pri:0, instance:runner.CucumberRunnerForAPI$CucumberRunnerTest@387a8303]" started-at="2023-05-20T09:08:11 BDT" name="setUpClass" finished-at="2023-05-20T09:08:11 BDT" duration-ms="485" status="PASS">
          <reporter-output>
          </reporter-output>
        </test-method> <!-- setUpClass -->
        <test-method signature="runScenario(io.cucumber.testng.PickleWrapper, io.cucumber.testng.FeatureWrapper)[pri:0, instance:runner.CucumberRunnerForAPI$CucumberRunnerTest@387a8303]" started-at="2023-05-20T09:08:11 BDT" name="runScenario" description="Runs Cucumber Scenarios" data-provider="scenarios" finished-at="2023-05-20T09:08:13 BDT" duration-ms="2276" status="PASS">
          <params>
            <param index="0">
              <value>
                <![CDATA["Check user registration successfully or not"]]>
              </value>
            </param>
            <param index="1">
              <value>
                <![CDATA["Optional[Employee Registration]"]]>
              </value>
            </param>
          </params>
          <reporter-output>
          </reporter-output>
        </test-method> <!-- runScenario -->
        <test-method signature="runScenario(io.cucumber.testng.PickleWrapper, io.cucumber.testng.FeatureWrapper)[pri:0, instance:runner.CucumberRunnerForAPI$CucumberRunnerTest@387a8303]" started-at="2023-05-20T09:08:13 BDT" name="runScenario" description="Runs Cucumber Scenarios" data-provider="scenarios" finished-at="2023-05-20T09:08:14 BDT" duration-ms="572" status="PASS">
          <params>
            <param index="0">
              <value>
                <![CDATA["Validate user registration request and response"]]>
              </value>
            </param>
            <param index="1">
              <value>
                <![CDATA["Optional[User registration]"]]>
              </value>
            </param>
          </params>
          <reporter-output>
          </reporter-output>
        </test-method> <!-- runScenario -->
        <test-method is-config="true" signature="tearDownClass()[pri:0, instance:runner.CucumberRunnerForAPI$CucumberRunnerTest@387a8303]" started-at="2023-05-20T09:08:14 BDT" name="tearDownClass" finished-at="2023-05-20T09:08:14 BDT" duration-ms="35" status="PASS">
          <reporter-output>
          </reporter-output>
        </test-method> <!-- tearDownClass -->
      </class> <!-- runner.CucumberRunnerForAPI$CucumberRunnerTest -->
    </test> <!-- API -->
  </suite> <!-- Suite -->
</testng-results>
