<?xml version="1.0" encoding="UTF-8"?>
<testng-results ignored="0" total="1" passed="1" failed="0" skipped="0">
  <reporter-output>
  </reporter-output>
  <suite started-at="2023-05-17T17:32:54 BDT" name="Suite" finished-at="2023-05-17T17:33:07 BDT" duration-ms="12824">
    <groups>
      <group name="cucumber">
        <method signature="AbstractTestNGCucumberTests.runScenario(io.cucumber.testng.PickleWrapper, io.cucumber.testng.FeatureWrapper)[pri:0, instance:runner.CucumberRunner$CucumberRunnerTest@69504ae9]" name="runScenario" class="io.cucumber.testng.AbstractTestNGCucumberTests"/>
      </group> <!-- cucumber -->
    </groups>
    <test started-at="2023-05-17T17:32:54 BDT" name="XYX Bank" finished-at="2023-05-17T17:33:07 BDT" duration-ms="12824">
      <class name="runner.CucumberRunner$CucumberRunnerTest">
        <test-method is-config="true" signature="setUpClass()[pri:0, instance:runner.CucumberRunner$CucumberRunnerTest@69504ae9]" started-at="2023-05-17T17:32:54 BDT" name="setUpClass" finished-at="2023-05-17T17:32:55 BDT" duration-ms="638" status="PASS">
          <reporter-output>
          </reporter-output>
        </test-method> <!-- setUpClass -->
        <test-method signature="runScenario(io.cucumber.testng.PickleWrapper, io.cucumber.testng.FeatureWrapper)[pri:0, instance:runner.CucumberRunner$CucumberRunnerTest@69504ae9]" started-at="2023-05-17T17:32:55 BDT" name="runScenario" description="Runs Cucumber Scenarios" data-provider="scenarios" finished-at="2023-05-17T17:33:07 BDT" duration-ms="12099" status="PASS">
          <params>
            <param index="0">
              <value>
                <![CDATA["Add Customer"]]>
              </value>
            </param>
            <param index="1">
              <value>
                <![CDATA["Optional[Add New customer]"]]>
              </value>
            </param>
          </params>
          <reporter-output>
          </reporter-output>
        </test-method> <!-- runScenario -->
        <test-method is-config="true" signature="tearDownClass()[pri:0, instance:runner.CucumberRunner$CucumberRunnerTest@69504ae9]" started-at="2023-05-17T17:33:07 BDT" name="tearDownClass" finished-at="2023-05-17T17:33:07 BDT" duration-ms="45" status="PASS">
          <reporter-output>
          </reporter-output>
        </test-method> <!-- tearDownClass -->
      </class> <!-- runner.CucumberRunner$CucumberRunnerTest -->
    </test> <!-- XYX Bank -->
  </suite> <!-- Suite -->
</testng-results>
