<?xml version="1.0" encoding="UTF-8"?>
<testng-results ignored="0" total="2" passed="1" failed="1" skipped="0">
  <reporter-output>
  </reporter-output>
  <suite started-at="2023-05-18T15:37:24 BDT" name="Suite" finished-at="2023-05-18T15:37:31 BDT" duration-ms="6423">
    <groups>
      <group name="cucumber">
        <method signature="AbstractTestNGCucumberTests.runScenario(io.cucumber.testng.PickleWrapper, io.cucumber.testng.FeatureWrapper)[pri:0, instance:runner.CucumberRunner$CucumberRunnerTest@69504ae9]" name="runScenario" class="io.cucumber.testng.AbstractTestNGCucumberTests"/>
      </group> <!-- cucumber -->
    </groups>
    <test started-at="2023-05-18T15:37:24 BDT" name="XYX Bank" finished-at="2023-05-18T15:37:31 BDT" duration-ms="6423">
      <class name="runner.CucumberRunner$CucumberRunnerTest">
        <test-method is-config="true" signature="setUpClass()[pri:0, instance:runner.CucumberRunner$CucumberRunnerTest@69504ae9]" started-at="2023-05-18T15:37:25 BDT" name="setUpClass" finished-at="2023-05-18T15:37:25 BDT" duration-ms="620" status="PASS">
          <reporter-output>
          </reporter-output>
        </test-method> <!-- setUpClass -->
        <test-method signature="runScenario(io.cucumber.testng.PickleWrapper, io.cucumber.testng.FeatureWrapper)[pri:0, instance:runner.CucumberRunner$CucumberRunnerTest@69504ae9]" started-at="2023-05-18T15:37:25 BDT" name="runScenario" description="Runs Cucumber Scenarios" data-provider="scenarios" finished-at="2023-05-18T15:37:31 BDT" duration-ms="5680" status="PASS">
          <params>
            <param index="0">
              <value>
                <![CDATA["Add Customer"]]>
              </value>
            </param>
            <param index="1">
              <value>
                <![CDATA["Optional[Bank Account create and delete]"]]>
              </value>
            </param>
          </params>
          <reporter-output>
          </reporter-output>
        </test-method> <!-- runScenario -->
        <test-method signature="runScenario(io.cucumber.testng.PickleWrapper, io.cucumber.testng.FeatureWrapper)[pri:0, instance:runner.CucumberRunner$CucumberRunnerTest@69504ae9]" started-at="2023-05-18T15:37:31 BDT" name="runScenario" description="Runs Cucumber Scenarios" data-provider="scenarios" finished-at="2023-05-18T15:37:31 BDT" duration-ms="32" status="FAIL">
          <params>
            <param index="0">
              <value>
                <![CDATA["Open Account"]]>
              </value>
            </param>
            <param index="1">
              <value>
                <![CDATA["Optional[Open Account]"]]>
              </value>
            </param>
          </params>
          <exception class="java.lang.NullPointerException">
            <message>
              <![CDATA[Cannot invoke "pages.CreateBankAccount.clickOpenAccount()" because "this.bac" is null]]>
            </message>
            <full-stacktrace>
              <![CDATA[java.lang.NullPointerException: Cannot invoke "pages.CreateBankAccount.clickOpenAccount()" because "this.bac" is null
at step_defination.BankManagerLoginSD.userWillClickOnOpenAccount(BankManagerLoginSD.java:52)
at ✽.User will click on Open Account(file:///D:/JAVA/Selenium_Study/src/test/resources/Features/02_open_account.feature:5)
]]>
            </full-stacktrace>
          </exception> <!-- java.lang.NullPointerException -->
          <reporter-output>
          </reporter-output>
        </test-method> <!-- runScenario -->
        <test-method is-config="true" signature="tearDownClass()[pri:0, instance:runner.CucumberRunner$CucumberRunnerTest@69504ae9]" started-at="2023-05-18T15:37:31 BDT" name="tearDownClass" finished-at="2023-05-18T15:37:31 BDT" duration-ms="50" status="PASS">
          <reporter-output>
          </reporter-output>
        </test-method> <!-- tearDownClass -->
      </class> <!-- runner.CucumberRunner$CucumberRunnerTest -->
    </test> <!-- XYX Bank -->
  </suite> <!-- Suite -->
</testng-results>
