<?xml version="1.0" encoding="UTF-8"?>
<testng-results ignored="0" total="2" passed="1" failed="1" skipped="0">
  <reporter-output>
  </reporter-output>
  <suite started-at="2023-05-10T14:34:13 BDT" name="Suite" finished-at="2023-05-10T14:34:23 BDT" duration-ms="10496">
    <groups>
      <group name="cucumber">
        <method signature="AbstractTestNGCucumberTests.runScenario(io.cucumber.testng.PickleWrapper, io.cucumber.testng.FeatureWrapper)[pri:0, instance:runner.CucumberRunner$CucumberRunnerTest@491b9b8]" name="runScenario" class="io.cucumber.testng.AbstractTestNGCucumberTests"/>
      </group> <!-- cucumber -->
    </groups>
    <test started-at="2023-05-10T14:34:13 BDT" name="Cucumber Test Run" finished-at="2023-05-10T14:34:23 BDT" duration-ms="10496">
      <class name="runner.CucumberRunner$CucumberRunnerTest">
        <test-method is-config="true" signature="setUpClass()[pri:0, instance:runner.CucumberRunner$CucumberRunnerTest@491b9b8]" started-at="2023-05-10T14:34:13 BDT" name="setUpClass" finished-at="2023-05-10T14:34:13 BDT" duration-ms="618" status="PASS">
          <reporter-output>
          </reporter-output>
        </test-method> <!-- setUpClass -->
        <test-method signature="runScenario(io.cucumber.testng.PickleWrapper, io.cucumber.testng.FeatureWrapper)[pri:0, instance:runner.CucumberRunner$CucumberRunnerTest@491b9b8]" started-at="2023-05-10T14:34:13 BDT" name="runScenario" description="Runs Cucumber Scenarios" data-provider="scenarios" finished-at="2023-05-10T14:34:23 BDT" duration-ms="9744" status="PASS">
          <params>
            <param index="0">
              <value>
                <![CDATA["Register with valid data"]]>
              </value>
            </param>
            <param index="1">
              <value>
                <![CDATA["Optional[Login]"]]>
              </value>
            </param>
          </params>
          <reporter-output>
          </reporter-output>
        </test-method> <!-- runScenario -->
        <test-method signature="runScenario(io.cucumber.testng.PickleWrapper, io.cucumber.testng.FeatureWrapper)[pri:0, instance:runner.CucumberRunner$CucumberRunnerTest@491b9b8]" started-at="2023-05-10T14:34:23 BDT" name="runScenario" description="Runs Cucumber Scenarios" data-provider="scenarios" finished-at="2023-05-10T14:34:23 BDT" duration-ms="14" status="FAIL">
          <params>
            <param index="0">
              <value>
                <![CDATA["click on reset"]]>
              </value>
            </param>
            <param index="1">
              <value>
                <![CDATA["Optional[Login]"]]>
              </value>
            </param>
          </params>
          <exception class="java.lang.NullPointerException">
            <message>
              <![CDATA[Cannot invoke "pages.RegisterPage.clickOnReset()" because "this.regPage" is null]]>
            </message>
            <full-stacktrace>
              <![CDATA[java.lang.NullPointerException: Cannot invoke "pages.RegisterPage.clickOnReset()" because "this.regPage" is null
at step_defination.RegisterStepDef.userWillClickOnResetButton(RegisterStepDef.java:57)
at ✽.User will click on Reset button(file:///D:/JAVA/Selenium_Study/src/test/resources/Features/register.feature:18)
]]>
            </full-stacktrace>
          </exception> <!-- java.lang.NullPointerException -->
          <reporter-output>
          </reporter-output>
        </test-method> <!-- runScenario -->
        <test-method is-config="true" signature="tearDownClass()[pri:0, instance:runner.CucumberRunner$CucumberRunnerTest@491b9b8]" started-at="2023-05-10T14:34:23 BDT" name="tearDownClass" finished-at="2023-05-10T14:34:23 BDT" duration-ms="79" status="PASS">
          <reporter-output>
          </reporter-output>
        </test-method> <!-- tearDownClass -->
      </class> <!-- runner.CucumberRunner$CucumberRunnerTest -->
    </test> <!-- Cucumber Test Run -->
  </suite> <!-- Suite -->
</testng-results>
