<?xml version="1.0" encoding="UTF-8"?>
<!-- Generated by org.testng.reporters.JUnitReportReporter -->
<testsuite hostname="ABG-IT-PC09" failures="0" tests="2" name="runner.CucumberRunner$CucumberRunnerTest" time="12.992" errors="1" timestamp="2023-05-10T20:01:59 BDT" skipped="0">
  <testcase classname="runner.CucumberRunner$CucumberRunnerTest" name="runScenario" time="11.709"/>
  <system-out/>
  <testcase classname="runner.CucumberRunner$CucumberRunnerTest" name="runScenario" time="1.283">
    <error message="element click intercepted: Element &lt;button type=&quot;reset&quot;&gt;...&lt;/button&gt; is not clickable at point (684, 893). Other element would receive the click: &lt;iframe id=&quot;aswift_3&quot; name=&quot;aswift_3&quot; style=&quot;width: 1005px !important; height: 124px !important; display: block; margin: 0px auto;&quot; sandbox=&quot;allow-forms allow-popups allow-popups-to-escape-sandbox allow-same-origin allow-scripts allow-top-navigation-by-user-activation&quot; width=&quot;1005&quot; height=&quot;124&quot; frameborder=&quot;0&quot; marginwidth=&quot;0&quot; marginheight=&quot;0&quot; vspace=&quot;0&quot; hspace=&quot;0&quot; allowtransparency=&quot;true&quot; scrolling=&quot;no&quot; src=&quot;https://googleads.g.doubleclick.net/pagead/html/r20230508/r20110914/zrt_lookup.html?fsb=1#RS-0-&amp;amp;adk=1812271801&amp;amp;client=ca-pub-2190203024692607&amp;amp;fa=1&amp;amp;ifi=4&amp;amp;uci=a!4&amp;amp;btvi=1&amp;amp;xpc=eWIf5avrD3&amp;amp;p=https%3A//www.hyrtutorials.com&quot; data-google-container-id=&quot;a!4&quot; data-google-query-id=&quot;CNKh4YP16v4CFV9BnQkdEH4N3Q&quot; data-load-complete=&quot;true&quot;&gt;&lt;/iframe&gt;
  (Session info: chrome=112.0.5615.140)
Build info: version: &#039;4.1.2&#039;, revision: &#039;9a5a329c5a&#039;
System info: host: &#039;ABG-IT-PC09&#039;, ip: &#039;10.97.221.214&#039;, os.name: &#039;Windows 11&#039;, os.arch: &#039;amd64&#039;, os.version: &#039;10.0&#039;, java.version: &#039;17.0.6&#039;
Driver info: org.openqa.selenium.chrome.ChromeDriver
Command: [bbd2e461aeb5404ee5b69ae0faff5919, clickElement {id=4208acee-4457-40ee-8062-442c066d799c}]
Capabilities {acceptInsecureCerts: false, browserName: chrome, browserVersion: 112.0.5615.140, chrome: {chromedriverVersion: 112.0.5615.49 (bd2a7bcb881c..., userDataDir: C:\Users\AL22DB~1.IMR\AppDa...}, goog:chromeOptions: {debuggerAddress: localhost:9532}, javascriptEnabled: true, networkConnectionEnabled: false, pageLoadStrategy: normal, platform: WINDOWS, platformName: WINDOWS, proxy: Proxy(), se:cdp: ws://localhost:9532/devtool..., se:cdpVersion: 112.0.5615.140, setWindowRect: true, strictFileInteractability: false, timeouts: {implicit: 0, pageLoad: 300000, script: 30000}, unhandledPromptBehavior: dismiss and notify, webauthn:extension:credBlob: true, webauthn:extension:largeBlob: true, webauthn:extension:minPinLength: true, webauthn:extension:prf: true, webauthn:virtualAuthenticators: true}
Element: [[ChromeDriver: chrome on WINDOWS (bbd2e461aeb5404ee5b69ae0faff5919)] -&gt; xpath: //button[text()=&#039;Reset&#039;]]
Session ID: bbd2e461aeb5404ee5b69ae0faff5919" type="org.openqa.selenium.ElementClickInterceptedException">
      <![CDATA[org.openqa.selenium.ElementClickInterceptedException: element click intercepted: Element <button type="reset">...</button> is not clickable at point (684, 893). Other element would receive the click: <iframe id="aswift_3" name="aswift_3" style="width: 1005px !important; height: 124px !important; display: block; margin: 0px auto;" sandbox="allow-forms allow-popups allow-popups-to-escape-sandbox allow-same-origin allow-scripts allow-top-navigation-by-user-activation" width="1005" height="124" frameborder="0" marginwidth="0" marginheight="0" vspace="0" hspace="0" allowtransparency="true" scrolling="no" src="https://googleads.g.doubleclick.net/pagead/html/r20230508/r20110914/zrt_lookup.html?fsb=1#RS-0-&amp;adk=1812271801&amp;client=ca-pub-2190203024692607&amp;fa=1&amp;ifi=4&amp;uci=a!4&amp;btvi=1&amp;xpc=eWIf5avrD3&amp;p=https%3A//www.hyrtutorials.com" data-google-container-id="a!4" data-google-query-id="CNKh4YP16v4CFV9BnQkdEH4N3Q" data-load-complete="true"></iframe>
  (Session info: chrome=112.0.5615.140)
Build info: version: '4.1.2', revision: '9a5a329c5a'
System info: host: 'ABG-IT-PC09', ip: '10.97.221.214', os.name: 'Windows 11', os.arch: 'amd64', os.version: '10.0', java.version: '17.0.6'
Driver info: org.openqa.selenium.chrome.ChromeDriver
Command: [bbd2e461aeb5404ee5b69ae0faff5919, clickElement {id=4208acee-4457-40ee-8062-442c066d799c}]
Capabilities {acceptInsecureCerts: false, browserName: chrome, browserVersion: 112.0.5615.140, chrome: {chromedriverVersion: 112.0.5615.49 (bd2a7bcb881c..., userDataDir: C:\Users\AL22DB~1.IMR\AppDa...}, goog:chromeOptions: {debuggerAddress: localhost:9532}, javascriptEnabled: true, networkConnectionEnabled: false, pageLoadStrategy: normal, platform: WINDOWS, platformName: WINDOWS, proxy: Proxy(), se:cdp: ws://localhost:9532/devtool..., se:cdpVersion: 112.0.5615.140, setWindowRect: true, strictFileInteractability: false, timeouts: {implicit: 0, pageLoad: 300000, script: 30000}, unhandledPromptBehavior: dismiss and notify, webauthn:extension:credBlob: true, webauthn:extension:largeBlob: true, webauthn:extension:minPinLength: true, webauthn:extension:prf: true, webauthn:virtualAuthenticators: true}
Element: [[ChromeDriver: chrome on WINDOWS (bbd2e461aeb5404ee5b69ae0faff5919)] -> xpath: //button[text()='Reset']]
Session ID: bbd2e461aeb5404ee5b69ae0faff5919
at java.base/jdk.internal.reflect.NativeConstructorAccessorImpl.newInstance0(Native Method)
at java.base/jdk.internal.reflect.NativeConstructorAccessorImpl.newInstance(NativeConstructorAccessorImpl.java:77)
at java.base/jdk.internal.reflect.DelegatingConstructorAccessorImpl.newInstance(DelegatingConstructorAccessorImpl.java:45)
at java.base/java.lang.reflect.Constructor.newInstanceWithCaller(Constructor.java:499)
at java.base/java.lang.reflect.Constructor.newInstance(Constructor.java:480)
at org.openqa.selenium.remote.codec.w3c.W3CHttpResponseCodec.createException(W3CHttpResponseCodec.java:200)
at org.openqa.selenium.remote.codec.w3c.W3CHttpResponseCodec.decode(W3CHttpResponseCodec.java:133)
at org.openqa.selenium.remote.codec.w3c.W3CHttpResponseCodec.decode(W3CHttpResponseCodec.java:53)
at org.openqa.selenium.remote.HttpCommandExecutor.execute(HttpCommandExecutor.java:184)
at org.openqa.selenium.remote.service.DriverCommandExecutor.invokeExecute(DriverCommandExecutor.java:167)
at org.openqa.selenium.remote.service.DriverCommandExecutor.execute(DriverCommandExecutor.java:142)
at org.openqa.selenium.remote.RemoteWebDriver.execute(RemoteWebDriver.java:558)
at org.openqa.selenium.remote.RemoteWebElement.execute(RemoteWebElement.java:251)
at org.openqa.selenium.remote.RemoteWebElement.click(RemoteWebElement.java:77)
at pages.RegisterPage.clickOnReset(RegisterPage.java:52)
at step_defination.RegisterStepDef.userWillClickOnResetButton(RegisterStepDef.java:58)
at ✽.User will click on Reset button(file:///D:/JAVA/Selenium_Study/src/test/resources/Features/register.feature:18)
]]>
    </error>
  </testcase> <!-- runScenario -->
  <system-out/>
</testsuite> <!-- runner.CucumberRunner$CucumberRunnerTest -->
