<?xml version="1.0" encoding="UTF-8"?>
<!-- Generated by org.testng.reporters.JUnitReportReporter -->
<testsuite hostname="ABG-IT-PC09" failures="0" tests="2" name="runner.CucumberRunner$CucumberRunnerTest" time="5.712" errors="1" timestamp="2023-05-18T15:37:31 BDT" skipped="0">
  <testcase classname="runner.CucumberRunner$CucumberRunnerTest" name="runScenario" time="0.032">
    <error message="Cannot invoke &quot;pages.CreateBankAccount.clickOpenAccount()&quot; because &quot;this.bac&quot; is null" type="java.lang.NullPointerException">
      <![CDATA[java.lang.NullPointerException: Cannot invoke "pages.CreateBankAccount.clickOpenAccount()" because "this.bac" is null
at step_defination.BankManagerLoginSD.userWillClickOnOpenAccount(BankManagerLoginSD.java:52)
at ✽.User will click on Open Account(file:///D:/JAVA/Selenium_Study/src/test/resources/Features/02_open_account.feature:5)
]]>
    </error>
  </testcase> <!-- runScenario -->
  <system-out/>
  <testcase classname="runner.CucumberRunner$CucumberRunnerTest" name="runScenario" time="5.680"/>
  <system-out/>
</testsuite> <!-- runner.CucumberRunner$CucumberRunnerTest -->
