<?xml version="1.0" encoding="UTF-8"?>
<!-- Generated by org.testng.reporters.JUnitReportReporter -->
<testsuite hostname="ABG-IT-PC09" failures="0" tests="2" name="runner.CucumberRunner$CucumberRunnerTest" time="9.758" errors="1" timestamp="2023-05-10T14:34:23 BDT" skipped="0">
  <testcase classname="runner.CucumberRunner$CucumberRunnerTest" name="runScenario" time="9.744"/>
  <system-out/>
  <testcase classname="runner.CucumberRunner$CucumberRunnerTest" name="runScenario" time="0.014">
    <error message="Cannot invoke &quot;pages.RegisterPage.clickOnReset()&quot; because &quot;this.regPage&quot; is null" type="java.lang.NullPointerException">
      <![CDATA[java.lang.NullPointerException: Cannot invoke "pages.RegisterPage.clickOnReset()" because "this.regPage" is null
at step_defination.RegisterStepDef.userWillClickOnResetButton(RegisterStepDef.java:57)
at ✽.User will click on Reset button(file:///D:/JAVA/Selenium_Study/src/test/resources/Features/register.feature:18)
]]>
    </error>
  </testcase> <!-- runScenario -->
  <system-out/>
</testsuite> <!-- runner.CucumberRunner$CucumberRunnerTest -->
