<?xml version="1.0" encoding="UTF-8"?>
<testng-results ignored="0" total="1" passed="1" failed="0" skipped="0">
  <reporter-output>
  </reporter-output>
  <suite started-at="2023-05-27T19:03:40 BDT" name="Suite" finished-at="2023-05-27T19:04:10 BDT" duration-ms="30673">
    <groups>
      <group name="cucumber">
        <method signature="AbstractTestNGCucumberTests.runScenario(io.cucumber.testng.PickleWrapper, io.cucumber.testng.FeatureWrapper)[pri:0, instance:runner.CucumberRunnerForAndroid$CucumberRunnerTest@2584b82d]" name="runScenario" class="io.cucumber.testng.AbstractTestNGCucumberTests"/>
      </group> <!-- cucumber -->
    </groups>
    <test started-at="2023-05-27T19:03:40 BDT" name="API" finished-at="2023-05-27T19:04:10 BDT" duration-ms="30673">
      <class name="runner.CucumberRunnerForAndroid$CucumberRunnerTest">
        <test-method is-config="true" signature="setUpClass()[pri:0, instance:runner.CucumberRunnerForAndroid$CucumberRunnerTest@2584b82d]" started-at="2023-05-27T19:03:40 BDT" name="setUpClass" finished-at="2023-05-27T19:03:40 BDT" duration-ms="464" status="PASS">
          <reporter-output>
          </reporter-output>
        </test-method> <!-- setUpClass -->
        <test-method signature="runScenario(io.cucumber.testng.PickleWrapper, io.cucumber.testng.FeatureWrapper)[pri:0, instance:runner.CucumberRunnerForAndroid$CucumberRunnerTest@2584b82d]" started-at="2023-05-27T19:03:40 BDT" name="runScenario" description="Runs Cucumber Scenarios" data-provider="scenarios" finished-at="2023-05-27T19:04:10 BDT" duration-ms="30144" status="PASS">
          <params>
            <param index="0">
              <value>
                <![CDATA["Login to ERI bank"]]>
              </value>
            </param>
            <param index="1">
              <value>
                <![CDATA["Optional[Login to Bank]"]]>
              </value>
            </param>
          </params>
          <reporter-output>
          </reporter-output>
        </test-method> <!-- runScenario -->
        <test-method is-config="true" signature="tearDownClass()[pri:0, instance:runner.CucumberRunnerForAndroid$CucumberRunnerTest@2584b82d]" started-at="2023-05-27T19:04:10 BDT" name="tearDownClass" finished-at="2023-05-27T19:04:10 BDT" duration-ms="33" status="PASS">
          <reporter-output>
          </reporter-output>
        </test-method> <!-- tearDownClass -->
      </class> <!-- runner.CucumberRunnerForAndroid$CucumberRunnerTest -->
    </test> <!-- API -->
  </suite> <!-- Suite -->
</testng-results>
